<?xml version="1.0" encoding="UTF-8"?>
<!-- Generated by org.testng.reporters.JUnitReportReporter -->
<testsuite hostname="DannOfThursday" failures="0" tests="6" name="piit.AutomationTrainingProgram.Signout" time="0.032" errors="3" timestamp="2022-05-17T21:54:13 EDT" skipped="3">
  <testcase classname="piit.AutomationTrainingProgram.Signout" name="f" time="0.002">
    <error message="Unresolved compilation problems: 
	The method Email(String) in the type Home is not applicable for the arguments ()
	The method PsswordFieldsEnters(String) in the type Home is not applicable for the arguments ()
" type="java.lang.Error">
      <![CDATA[java.lang.Error: Unresolved compilation problems: 
The method Email(String) in the type Home is not applicable for the arguments ()
The method PsswordFieldsEnters(String) in the type Home is not applicable for the arguments ()

at piit.AutomationTrainingProgram.Signout.f(Signout.java:28)
at java.base/jdk.internal.reflect.DirectMethodHandleAccessor.invoke(DirectMethodHandleAccessor.java:104)
at java.base/java.lang.reflect.Method.invoke(Method.java:577)
at org.testng.internal.invokers.MethodInvocationHelper.invokeMethod(MethodInvocationHelper.java:135)
at org.testng.internal.invokers.TestInvoker.invokeMethod(TestInvoker.java:673)
at org.testng.internal.invokers.TestInvoker.invokeTestMethod(TestInvoker.java:220)
at org.testng.internal.invokers.MethodRunner.runInSequence(MethodRunner.java:50)
at org.testng.internal.invokers.TestInvoker$MethodInvocationAgent.invoke(TestInvoker.java:945)
at org.testng.internal.invokers.TestInvoker.invokeTestMethods(TestInvoker.java:193)
at org.testng.internal.invokers.TestMethodWorker.invokeTestMethods(TestMethodWorker.java:146)
at org.testng.internal.invokers.TestMethodWorker.run(TestMethodWorker.java:128)
at java.base/java.util.ArrayList.forEach(ArrayList.java:1511)
at org.testng.TestRunner.privateRun(TestRunner.java:808)
at org.testng.TestRunner.run(TestRunner.java:603)
at org.testng.SuiteRunner.runTest(SuiteRunner.java:429)
at org.testng.SuiteRunner.access$000(SuiteRunner.java:32)
at org.testng.SuiteRunner$SuiteWorker.run(SuiteRunner.java:467)
at org.testng.internal.thread.ThreadUtil.lambda$execute$0(ThreadUtil.java:58)
at java.base/java.util.concurrent.FutureTask.run(FutureTask.java:264)
at java.base/java.util.concurrent.ThreadPoolExecutor.runWorker(ThreadPoolExecutor.java:1136)
at java.base/java.util.concurrent.ThreadPoolExecutor$Worker.run(ThreadPoolExecutor.java:635)
at java.base/java.lang.Thread.run(Thread.java:833)
]]>
    </error>
  </testcase> <!-- f -->
  <system-out/>
  <testcase classname="piit.AutomationTrainingProgram.Signout" name="f" time="0.026">
    <error message="Unresolved compilation problems: 
	The method Email(String) in the type Home is not applicable for the arguments ()
	The method PsswordFieldsEnters(String) in the type Home is not applicable for the arguments ()
" type="java.lang.Error">
      <![CDATA[java.lang.Error: Unresolved compilation problems: 
The method Email(String) in the type Home is not applicable for the arguments ()
The method PsswordFieldsEnters(String) in the type Home is not applicable for the arguments ()

at piit.AutomationTrainingProgram.Signout.f(Signout.java:28)
at java.base/jdk.internal.reflect.DirectMethodHandleAccessor.invoke(DirectMethodHandleAccessor.java:104)
at java.base/java.lang.reflect.Method.invoke(Method.java:577)
at org.testng.internal.invokers.MethodInvocationHelper.invokeMethod(MethodInvocationHelper.java:135)
at org.testng.internal.invokers.TestInvoker.invokeMethod(TestInvoker.java:673)
at org.testng.internal.invokers.TestInvoker.invokeTestMethod(TestInvoker.java:220)
at org.testng.internal.invokers.MethodRunner.runInSequence(MethodRunner.java:50)
at org.testng.internal.invokers.TestInvoker$MethodInvocationAgent.invoke(TestInvoker.java:945)
at org.testng.internal.invokers.TestInvoker.invokeTestMethods(TestInvoker.java:193)
at org.testng.internal.invokers.TestMethodWorker.invokeTestMethods(TestMethodWorker.java:146)
at org.testng.internal.invokers.TestMethodWorker.run(TestMethodWorker.java:128)
at java.base/java.util.ArrayList.forEach(ArrayList.java:1511)
at org.testng.TestRunner.privateRun(TestRunner.java:808)
at org.testng.TestRunner.run(TestRunner.java:603)
at org.testng.SuiteRunner.runTest(SuiteRunner.java:429)
at org.testng.SuiteRunner.access$000(SuiteRunner.java:32)
at org.testng.SuiteRunner$SuiteWorker.run(SuiteRunner.java:467)
at org.testng.internal.thread.ThreadUtil.lambda$execute$0(ThreadUtil.java:58)
at java.base/java.util.concurrent.FutureTask.run(FutureTask.java:264)
at java.base/java.util.concurrent.ThreadPoolExecutor.runWorker(ThreadPoolExecutor.java:1136)
at java.base/java.util.concurrent.ThreadPoolExecutor$Worker.run(ThreadPoolExecutor.java:635)
at java.base/java.lang.Thread.run(Thread.java:833)
]]>
    </error>
  </testcase> <!-- f -->
  <system-out/>
  <testcase classname="piit.AutomationTrainingProgram.Signout" name="f" time="0.003">
    <error message="Unresolved compilation problems: 
	The method Email(String) in the type Home is not applicable for the arguments ()
	The method PsswordFieldsEnters(String) in the type Home is not applicable for the arguments ()
" type="java.lang.Error">
      <![CDATA[java.lang.Error: Unresolved compilation problems: 
The method Email(String) in the type Home is not applicable for the arguments ()
The method PsswordFieldsEnters(String) in the type Home is not applicable for the arguments ()

at piit.AutomationTrainingProgram.Signout.f(Signout.java:28)
at java.base/jdk.internal.reflect.DirectMethodHandleAccessor.invoke(DirectMethodHandleAccessor.java:104)
at java.base/java.lang.reflect.Method.invoke(Method.java:577)
at org.testng.internal.invokers.MethodInvocationHelper.invokeMethod(MethodInvocationHelper.java:135)
at org.testng.internal.invokers.TestInvoker.invokeMethod(TestInvoker.java:673)
at org.testng.internal.invokers.TestInvoker.invokeTestMethod(TestInvoker.java:220)
at org.testng.internal.invokers.MethodRunner.runInSequence(MethodRunner.java:50)
at org.testng.internal.invokers.TestInvoker$MethodInvocationAgent.invoke(TestInvoker.java:945)
at org.testng.internal.invokers.TestInvoker.invokeTestMethods(TestInvoker.java:193)
at org.testng.internal.invokers.TestMethodWorker.invokeTestMethods(TestMethodWorker.java:146)
at org.testng.internal.invokers.TestMethodWorker.run(TestMethodWorker.java:128)
at java.base/java.util.ArrayList.forEach(ArrayList.java:1511)
at org.testng.TestRunner.privateRun(TestRunner.java:808)
at org.testng.TestRunner.run(TestRunner.java:603)
at org.testng.SuiteRunner.runTest(SuiteRunner.java:429)
at org.testng.SuiteRunner.access$000(SuiteRunner.java:32)
at org.testng.SuiteRunner$SuiteWorker.run(SuiteRunner.java:467)
at org.testng.internal.thread.ThreadUtil.lambda$execute$0(ThreadUtil.java:58)
at java.base/java.util.concurrent.FutureTask.run(FutureTask.java:264)
at java.base/java.util.concurrent.ThreadPoolExecutor.runWorker(ThreadPoolExecutor.java:1136)
at java.base/java.util.concurrent.ThreadPoolExecutor$Worker.run(ThreadPoolExecutor.java:635)
at java.base/java.lang.Thread.run(Thread.java:833)
]]>
    </error>
  </testcase> <!-- f -->
  <system-out/>
  <testcase classname="piit.AutomationTrainingProgram.Signout" name="TextVerificationMethod" time="0.000">
    <skipped/>
  </testcase> <!-- TextVerificationMethod -->
  <system-out/>
  <testcase classname="piit.AutomationTrainingProgram.Signout" name="TextVerificationMethod" time="0.000">
    <skipped/>
  </testcase> <!-- TextVerificationMethod -->
  <system-out/>
  <testcase classname="piit.AutomationTrainingProgram.Signout" name="TextVerificationMethod" time="0.001">
    <skipped/>
  </testcase> <!-- TextVerificationMethod -->
  <system-out/>
</testsuite> <!-- piit.AutomationTrainingProgram.Signout -->
